social_sdk_example/app/build/outputs/logs/manifest-merger-debug-report.txt
-- Merging decision tree log ---
manifest
ADDED from AndroidManifest.xml:2:1
	xmlns:tools
		ADDED from AndroidManifest.xml:3:5
	xmlns:android
		ADDED from AndroidManifest.xml:2:11
	package
		ADDED from AndroidManifest.xml:4:5
		INJECTED from AndroidManifest.xml:0:0
		INJECTED from AndroidManifest.xml:0:0
	android:versionName
		ADDED from AndroidManifest.xml:6:5
	android:versionCode
		ADDED from AndroidManifest.xml:5:5
		INJECTED from AndroidManifest.xml:0:0
		INJECTED from AndroidManifest.xml:0:0
application
ADDED from AndroidManifest.xml:8:5
MERGED from com.android.support:support-v4:21.0.3:16:5
	android:label
		ADDED from AndroidManifest.xml:11:9
	android:allowBackup
		ADDED from AndroidManifest.xml:9:9
	android:icon
		ADDED from AndroidManifest.xml:10:9
	android:theme
		ADDED from AndroidManifest.xml:12:9
activity#com.umeng.soexample.activity.WelActivity
ADDED from AndroidManifest.xml:13:9
	android:screenOrientation
		ADDED from AndroidManifest.xml:18:13
	android:noHistory
		ADDED from AndroidManifest.xml:17:13
	android:label
		ADDED from AndroidManifest.xml:16:13
	android:configChanges
		ADDED from AndroidManifest.xml:15:13
	android:theme
		ADDED from AndroidManifest.xml:19:13
	android:name
		ADDED from AndroidManifest.xml:14:13
intent-filter#android.intent.action.MAIN+android.intent.category.LAUNCHER
ADDED from AndroidManifest.xml:20:13
action#android.intent.action.MAIN
ADDED from AndroidManifest.xml:21:17
	android:name
		ADDED from AndroidManifest.xml:21:25
category#android.intent.category.LAUNCHER
ADDED from AndroidManifest.xml:23:17
	android:name
		ADDED from AndroidManifest.xml:23:27
meta-data#UMENG_APPKEY
ADDED from AndroidManifest.xml:28:9
	android:name
		ADDED from AndroidManifest.xml:29:13
	android:value
		ADDED from AndroidManifest.xml:30:13
activity#com.umeng.socialize.view.ShareActivity
ADDED from AndroidManifest.xml:38:9
	android:windowSoftInputMode
		ADDED from AndroidManifest.xml:44:13
	android:noHistory
		ADDED from AndroidManifest.xml:42:13
	android:configChanges
		ADDED from AndroidManifest.xml:40:13
	android:theme
		ADDED from AndroidManifest.xml:43:13
	android:name
		ADDED from AndroidManifest.xml:39:13
	android:launchMode
		ADDED from AndroidManifest.xml:41:13
activity#com.tencent.tauth.AuthActivity
ADDED from AndroidManifest.xml:48:9
	android:noHistory
		ADDED from AndroidManifest.xml:51:13
	android:name
		ADDED from AndroidManifest.xml:49:13
	android:launchMode
		ADDED from AndroidManifest.xml:50:13
intent-filter#android.intent.action.VIEW+android.intent.category.BROWSABLE+android.intent.category.DEFAULT
ADDED from AndroidManifest.xml:52:13
action#android.intent.action.VIEW
ADDED from AndroidManifest.xml:53:17
	android:name
		ADDED from AndroidManifest.xml:53:25
category#android.intent.category.DEFAULT
ADDED from AndroidManifest.xml:55:17
	android:name
		ADDED from AndroidManifest.xml:55:27
category#android.intent.category.BROWSABLE
ADDED from AndroidManifest.xml:56:17
	android:name
		ADDED from AndroidManifest.xml:56:27
data
ADDED from AndroidManifest.xml:58:17
	android:scheme
		ADDED from AndroidManifest.xml:58:23
activity#com.tencent.connect.common.AssistActivity
ADDED from AndroidManifest.xml:61:9
	android:screenOrientation
		ADDED from AndroidManifest.xml:63:13
	android:theme
		ADDED from AndroidManifest.xml:64:13
	android:name
		ADDED from AndroidManifest.xml:62:13
activity#com.umeng.soexample.wxapi.WXEntryActivity
ADDED from AndroidManifest.xml:67:9
	android:screenOrientation
		ADDED from AndroidManifest.xml:71:13
	android:configChanges
		ADDED from AndroidManifest.xml:69:13
	android:theme
		ADDED from AndroidManifest.xml:72:13
	android:exported
		ADDED from AndroidManifest.xml:70:13
	android:name
		ADDED from AndroidManifest.xml:68:13
activity#com.umeng.soexample.yxapi.YXEntryActivity
ADDED from AndroidManifest.xml:75:9
	android:screenOrientation
		ADDED from AndroidManifest.xml:79:13
	android:configChanges
		ADDED from AndroidManifest.xml:77:13
	android:theme
		ADDED from AndroidManifest.xml:80:13
	android:exported
		ADDED from AndroidManifest.xml:78:13
	android:name
		ADDED from AndroidManifest.xml:76:13
activity#com.renn.rennsdk.oauth.OAuthActivity
ADDED from AndroidManifest.xml:83:9
	android:configChanges
		ADDED from AndroidManifest.xml:85:13
	android:name
		ADDED from AndroidManifest.xml:84:13
activity#com.facebook.FacebookActivity
ADDED from AndroidManifest.xml:88:9
	android:label
		ADDED from AndroidManifest.xml:91:13
	android:configChanges
		ADDED from AndroidManifest.xml:90:13
	android:theme
		ADDED from AndroidManifest.xml:92:13
	android:name
		ADDED from AndroidManifest.xml:89:13
provider#com.facebook.FacebookContentProvider
ADDED from AndroidManifest.xml:94:9
	android:exported
		ADDED from AndroidManifest.xml:97:13
	android:authorities
		ADDED from AndroidManifest.xml:96:13
	android:name
		ADDED from AndroidManifest.xml:95:13
meta-data#com.facebook.sdk.ApplicationId
ADDED from AndroidManifest.xml:99:9
	android:name
		ADDED from AndroidManifest.xml:100:13
	android:value
		ADDED from AndroidManifest.xml:101:13
activity#com.umeng.socialize.view.CommentActivity
ADDED from AndroidManifest.xml:107:9
	android:configChanges
		ADDED from AndroidManifest.xml:109:13
	android:theme
		ADDED from AndroidManifest.xml:110:13
	android:name
		ADDED from AndroidManifest.xml:108:13
activity#com.umeng.socialize.view.CommentDetail
ADDED from AndroidManifest.xml:112:9
	android:noHistory
		ADDED from AndroidManifest.xml:115:13
	android:configChanges
		ADDED from AndroidManifest.xml:114:13
	android:theme
		ADDED from AndroidManifest.xml:116:13
	android:name
		ADDED from AndroidManifest.xml:113:13
activity#com.umeng.socialize.view.CommentDetailNoMap
ADDED from AndroidManifest.xml:118:9
	android:noHistory
		ADDED from AndroidManifest.xml:121:13
	android:configChanges
		ADDED from AndroidManifest.xml:120:13
	android:theme
		ADDED from AndroidManifest.xml:122:13
	android:name
		ADDED from AndroidManifest.xml:119:13
activity#com.umeng.soexample.activity.NavigationActivity
ADDED from AndroidManifest.xml:132:9
	android:label
		ADDED from AndroidManifest.xml:135:13
	android:configChanges
		ADDED from AndroidManifest.xml:134:13
	android:theme
		ADDED from AndroidManifest.xml:136:13
	android:name
		ADDED from AndroidManifest.xml:133:13
activity#com.umeng.soexample.activity.SocialHomeActivity
ADDED from AndroidManifest.xml:138:9
	android:label
		ADDED from AndroidManifest.xml:141:13
	android:configChanges
		ADDED from AndroidManifest.xml:140:13
	android:name
		ADDED from AndroidManifest.xml:139:13
activity#com.umeng.soexample.activity.SwitchActivity
ADDED from AndroidManifest.xml:143:9
	android:label
		ADDED from AndroidManifest.xml:146:13
	android:configChanges
		ADDED from AndroidManifest.xml:145:13
	android:name
		ADDED from AndroidManifest.xml:144:13
	android:launchMode
		ADDED from AndroidManifest.xml:147:13
activity#com.umeng.soexample.activity.CustomPlatformActivity
ADDED from AndroidManifest.xml:149:9
	android:label
		ADDED from AndroidManifest.xml:152:13
	android:configChanges
		ADDED from AndroidManifest.xml:151:13
	android:name
		ADDED from AndroidManifest.xml:150:13
activity#com.umeng.soexample.activity.ActionBarExampleDetail
ADDED from AndroidManifest.xml:154:9
	android:label
		ADDED from AndroidManifest.xml:157:13
	android:configChanges
		ADDED from AndroidManifest.xml:156:13
	android:name
		ADDED from AndroidManifest.xml:155:13
meta-data#UMENG_CHANNEL
ADDED from AndroidManifest.xml:160:9
	android:name
		ADDED from AndroidManifest.xml:161:13
	android:value
		ADDED from AndroidManifest.xml:162:13
uses-library#com.google.android.maps
ADDED from AndroidManifest.xml:165:9
	android:required
		ADDED from AndroidManifest.xml:167:13
	android:name
		ADDED from AndroidManifest.xml:166:13
uses-library#android.test.runner
ADDED from AndroidManifest.xml:168:9
	android:name
		ADDED from AndroidManifest.xml:168:23
instrumentation#android.test.InstrumentationTestRunner
ADDED from AndroidManifest.xml:172:5
	android:targetPackage
		ADDED from AndroidManifest.xml:174:9
	android:name
		ADDED from AndroidManifest.xml:173:9
uses-sdk
ADDED from AndroidManifest.xml:176:5
MERGED from com.android.support:support-v4:21.0.3:15:5
	android:targetSdkVersion
		ADDED from AndroidManifest.xml:178:9
		INJECTED from AndroidManifest.xml:0:0
		INJECTED from AndroidManifest.xml:0:0
	android:minSdkVersion
		ADDED from AndroidManifest.xml:177:9
		INJECTED from AndroidManifest.xml:0:0
		INJECTED from AndroidManifest.xml:0:0
uses-permission#android.permission.ACCESS_NETWORK_STATE
ADDED from AndroidManifest.xml:180:5
	android:name
		ADDED from AndroidManifest.xml:180:22
uses-permission#android.permission.ACCESS_WIFI_STATE
ADDED from AndroidManifest.xml:181:5
	android:name
		ADDED from AndroidManifest.xml:181:22
uses-permission#android.permission.READ_PHONE_STATE
ADDED from AndroidManifest.xml:182:5
	android:name
		ADDED from AndroidManifest.xml:182:22
uses-permission#android.permission.WRITE_EXTERNAL_STORAGE
ADDED from AndroidManifest.xml:183:5
	android:name
		ADDED from AndroidManifest.xml:183:22
uses-permission#android.permission.INTERNET
ADDED from AndroidManifest.xml:184:5
	android:name
		ADDED from AndroidManifest.xml:184:22
uses-permission#android.permission.READ_LOGS
ADDED from AndroidManifest.xml:185:5
	android:name
		ADDED from AndroidManifest.xml:185:22
uses-permission#android.permission.CALL_PHONE
ADDED from AndroidManifest.xml:186:5
	android:name
		ADDED from AndroidManifest.xml:186:22
uses-permission#android.permission.ACCESS_FINE_LOCATION
ADDED from AndroidManifest.xml:187:5
	android:name
		ADDED from AndroidManifest.xml:187:22
uses-permission#android.permission.ACCESS_COARSE_LOCATION
ADDED from AndroidManifest.xml:188:5
	android:name
		ADDED from AndroidManifest.xml:188:22
uses-permission#android.permission.GET_TASKS
ADDED from AndroidManifest.xml:192:5
	android:name
		ADDED from AndroidManifest.xml:192:22
uses-permission#android.permission.SET_DEBUG_APP
ADDED from AndroidManifest.xml:193:5
	android:name
		ADDED from AndroidManifest.xml:193:22
uses-permission#android.permission.SYSTEM_ALERT_WINDOW
ADDED from AndroidManifest.xml:194:5
	android:name
		ADDED from AndroidManifest.xml:194:22
uses-permission#android.permission.GET_ACCOUNTS
ADDED from AndroidManifest.xml:195:5
	android:name
		ADDED from AndroidManifest.xml:195:22
uses-permission#android.permission.USE_CREDENTIALS
ADDED from AndroidManifest.xml:196:5
	android:name
		ADDED from AndroidManifest.xml:196:22
uses-permission#android.permission.MANAGE_ACCOUNTS
ADDED from AndroidManifest.xml:197:5
	android:name
		ADDED from AndroidManifest.xml:197:22